Flow report for FinalProject
Sun Jan 10 10:32:42 2021
Quartus II 64-Bit Version 13.1.0 Build 162 10/23/2013 SJ Web Edition


---------------------
; Table of Contents ;
---------------------
  1. Legal Notice
  2. Flow Summary
  3. Flow Settings
  4. Flow Non-Default Global Settings
  5. Flow Elapsed Time
  6. Flow OS Summary
  7. Flow Log
  8. Flow Messages
  9. Flow Suppressed Messages



----------------
; Legal Notice ;
----------------
Copyright (C) 1991-2013 Altera Corporation
Your use of Altera Corporation's design tools, logic functions 
and other software and tools, and its AMPP partner logic 
functions, and any output files from any of the foregoing 
(including device programming or simulation files), and any 
associated documentation or information are expressly subject 
to the terms and conditions of the Altera Program License 
Subscription Agreement, Altera MegaCore Function License 
Agreement, or other applicable license agreement, including, 
without limitation, that your use is for the sole purpose of 
programming logic devices manufactured by Altera and sold by 
Altera or its authorized distributors.  Please refer to the 
applicable agreement for further details.



+---------------------------------------------------------------------------------+
; Flow Summary                                                                    ;
+------------------------------------+--------------------------------------------+
; Flow Status                        ; Successful - Sun Jan 10 10:32:26 2021      ;
; Quartus II 64-Bit Version          ; 13.1.0 Build 162 10/23/2013 SJ Web Edition ;
; Revision Name                      ; FinalProject                               ;
; Top-level Entity Name              ; main                                       ;
; Family                             ; Cyclone III                                ;
; Device                             ; EP3C16F484C6                               ;
; Timing Models                      ; Final                                      ;
; Total logic elements               ; 15,192 / 15,408 ( 99 % )                   ;
;     Total combinational functions  ; 15,082 / 15,408 ( 98 % )                   ;
;     Dedicated logic registers      ; 1,154 / 15,408 ( 7 % )                     ;
; Total registers                    ; 1154                                       ;
; Total pins                         ; 57 / 347 ( 16 % )                          ;
; Total virtual pins                 ; 0                                          ;
; Total memory bits                  ; 0 / 516,096 ( 0 % )                        ;
; Embedded Multiplier 9-bit elements ; 0 / 112 ( 0 % )                            ;
; Total PLLs                         ; 2 / 4 ( 50 % )                             ;
+------------------------------------+--------------------------------------------+


+-----------------------------------------+
; Flow Settings                           ;
+-------------------+---------------------+
; Option            ; Setting             ;
+-------------------+---------------------+
; Start date & time ; 01/10/2021 09:54:47 ;
; Main task         ; Compilation         ;
; Revision Name     ; FinalProject        ;
+-------------------+---------------------+


+---------------------------------------------------------------------------------------------------------------+
; Flow Non-Default Global Settings                                                                              ;
+-------------------------------------+------------------------------+---------------+-------------+------------+
; Assignment Name                     ; Value                        ; Default Value ; Entity Name ; Section Id ;
+-------------------------------------+------------------------------+---------------+-------------+------------+
; COMPILER_SIGNATURE_ID               ; 741653818134.161024368751268 ; --            ; --          ; --         ;
; IP_TOOL_NAME                        ; ALTPLL                       ; --            ; --          ; --         ;
; IP_TOOL_NAME                        ; ALTPLL                       ; --            ; --          ; --         ;
; IP_TOOL_NAME                        ; LPM_COUNTER                  ; --            ; --          ; --         ;
; IP_TOOL_VERSION                     ; 13.1                         ; --            ; --          ; --         ;
; IP_TOOL_VERSION                     ; 13.1                         ; --            ; --          ; --         ;
; IP_TOOL_VERSION                     ; 13.1                         ; --            ; --          ; --         ;
; MAX_CORE_JUNCTION_TEMP              ; 85                           ; --            ; --          ; --         ;
; MIN_CORE_JUNCTION_TEMP              ; 0                            ; --            ; --          ; --         ;
; MISC_FILE                           ; pixelClkPLL.bsf              ; --            ; --          ; --         ;
; MISC_FILE                           ; pixelClkPLL_bb.v             ; --            ; --          ; --         ;
; MISC_FILE                           ; pixelClkPLL.ppf              ; --            ; --          ; --         ;
; MISC_FILE                           ; timePLL.bsf                  ; --            ; --          ; --         ;
; MISC_FILE                           ; timePLL_bb.v                 ; --            ; --          ; --         ;
; MISC_FILE                           ; timePLL.ppf                  ; --            ; --          ; --         ;
; MISC_FILE                           ; lpm_counter1.bsf             ; --            ; --          ; --         ;
; MISC_FILE                           ; lpm_counter1_bb.v            ; --            ; --          ; --         ;
; OUTPUT_IO_TIMING_FAR_END_VMEAS      ; Half Signal Swing            ; --            ; --          ; --         ;
; OUTPUT_IO_TIMING_FAR_END_VMEAS      ; Half Signal Swing            ; --            ; --          ; --         ;
; OUTPUT_IO_TIMING_NEAR_END_VMEAS     ; Half Vccio                   ; --            ; --          ; --         ;
; OUTPUT_IO_TIMING_NEAR_END_VMEAS     ; Half Vccio                   ; --            ; --          ; --         ;
; PARTITION_COLOR                     ; 16764057                     ; --            ; main        ; Top        ;
; PARTITION_FITTER_PRESERVATION_LEVEL ; PLACEMENT_AND_ROUTING        ; --            ; main        ; Top        ;
; PARTITION_NETLIST_TYPE              ; SOURCE                       ; --            ; main        ; Top        ;
; PROJECT_OUTPUT_DIRECTORY            ; output_files                 ; --            ; --          ; --         ;
; TOP_LEVEL_ENTITY                    ; main                         ; FinalProject  ; --          ; --         ;
+-------------------------------------+------------------------------+---------------+-------------+------------+


+-------------------------------------------------------------------------------------------------------------------------------+
; Flow Elapsed Time                                                                                                             ;
+---------------------------+--------------+-------------------------+---------------------+------------------------------------+
; Module Name               ; Elapsed Time ; Average Processors Used ; Peak Virtual Memory ; Total CPU Time (on all processors) ;
+---------------------------+--------------+-------------------------+---------------------+------------------------------------+
; Analysis & Synthesis      ; 00:06:49     ; 1.0                     ; 5069 MB             ; 00:06:48                           ;
; Fitter                    ; 00:30:42     ; 1.0                     ; 5057 MB             ; 00:30:40                           ;
; Assembler                 ; 00:00:01     ; 1.0                     ; 4633 MB             ; 00:00:01                           ;
; TimeQuest Timing Analyzer ; 00:00:15     ; 1.0                     ; 4772 MB             ; 00:00:14                           ;
; Total                     ; 00:37:47     ; --                      ; --                  ; 00:37:43                           ;
+---------------------------+--------------+-------------------------+---------------------+------------------------------------+


+----------------------------------------------------------------------------------------+
; Flow OS Summary                                                                        ;
+---------------------------+------------------+-----------+------------+----------------+
; Module Name               ; Machine Hostname ; OS Name   ; OS Version ; Processor type ;
+---------------------------+------------------+-----------+------------+----------------+
; Analysis & Synthesis      ; Aka-PC           ; Windows 7 ; 6.2        ; x86_64         ;
; Fitter                    ; Aka-PC           ; Windows 7 ; 6.2        ; x86_64         ;
; Assembler                 ; Aka-PC           ; Windows 7 ; 6.2        ; x86_64         ;
; TimeQuest Timing Analyzer ; Aka-PC           ; Windows 7 ; 6.2        ; x86_64         ;
+---------------------------+------------------+-----------+------------+----------------+


------------
; Flow Log ;
------------
quartus_map --read_settings_files=on --write_settings_files=off FinalProject -c FinalProject
quartus_fit --read_settings_files=off --write_settings_files=off FinalProject -c FinalProject
quartus_asm --read_settings_files=off --write_settings_files=off FinalProject -c FinalProject
quartus_sta FinalProject -c FinalProject



